ncu is available, will collect DRAM metrics

==========================================
Running copy kernel with different sizes
==========================================

Using kernel: loop_unroll

----------------------------------------
Testing with 2^10 = 1024 elements
----------------------------------------
----------------------------------------
Testing with block_dim = 256 threads per block
Testing with loop_unroll_times = 1
----------------------------------------
Kernel execution time: 0.075776 ms
Copy successful

Collecting DRAM metrics with ncu...

--- ncu Raw Measurement Results ---
==PROF== Connected to process 3583 (/workspace/cuda-learning/cuda-copy/copy)
==PROF== Profiling "copy_loop_unroll": 0%....50%....100% - 1 pass
Kernel execution time: 619.471 ms
Copy successful
==PROF== Disconnected from process 3583
[3583] copy@127.0.0.1
  copy_loop_unroll(float *, float *, int) (4, 1, 1)x(256, 1, 1), Device 0, CC 8.0, Invocations 1
    Section: Command line profiler metrics
    ---------------------- ----------- ------- ------- -------
    Metric Name            Metric Unit Minimum Maximum Average
    ---------------------- ----------- ------- ------- -------
    dram__bytes_read.sum         Kbyte    8.06    8.06    8.06
    dram__bytes_write.sum         byte    0.00    0.00    0.00
    gpu__time_duration.sum          us    4.38    4.38    4.38
    ---------------------- ----------- ------- ------- -------

  Note: The shown averages are calculated as the arithmetic mean of the metric values after the evaluation of the    
  metrics for each individual kernel launch.                                                                         
  If aggregating across varying launch configurations (like shared memory, cache config settings), the arithmetic    
  mean can be misleading and looking at the individual results is recommended instead.                               


----------------------------------------
Testing with 2^12 = 4096 elements
----------------------------------------
----------------------------------------
Testing with block_dim = 256 threads per block
Testing with loop_unroll_times = 1
----------------------------------------
Kernel execution time: 0.0768 ms
Copy successful

Collecting DRAM metrics with ncu...

--- ncu Raw Measurement Results ---
==PROF== Connected to process 3608 (/workspace/cuda-learning/cuda-copy/copy)
==PROF== Profiling "copy_loop_unroll": 0%....50%....100% - 1 pass
Kernel execution time: 597.598 ms
Copy successful
==PROF== Disconnected from process 3608
[3608] copy@127.0.0.1
  copy_loop_unroll(float *, float *, int) (16, 1, 1)x(256, 1, 1), Device 0, CC 8.0, Invocations 1
    Section: Command line profiler metrics
    ---------------------- ----------- ------- ------- -------
    Metric Name            Metric Unit Minimum Maximum Average
    ---------------------- ----------- ------- ------- -------
    dram__bytes_read.sum         Kbyte   20.48   20.48   20.48
    dram__bytes_write.sum         byte    0.00    0.00    0.00
    gpu__time_duration.sum          us    4.35    4.35    4.35
    ---------------------- ----------- ------- ------- -------

  Note: The shown averages are calculated as the arithmetic mean of the metric values after the evaluation of the    
  metrics for each individual kernel launch.                                                                         
  If aggregating across varying launch configurations (like shared memory, cache config settings), the arithmetic    
  mean can be misleading and looking at the individual results is recommended instead.                               


----------------------------------------
Testing with 2^14 = 16384 elements
----------------------------------------
----------------------------------------
Testing with block_dim = 256 threads per block
Testing with loop_unroll_times = 1
----------------------------------------
Kernel execution time: 0.073728 ms
Copy successful

Collecting DRAM metrics with ncu...

--- ncu Raw Measurement Results ---
==PROF== Connected to process 3633 (/workspace/cuda-learning/cuda-copy/copy)
==PROF== Profiling "copy_loop_unroll": 0%....50%....100% - 1 pass
Kernel execution time: 659.275 ms
Copy successful
==PROF== Disconnected from process 3633
[3633] copy@127.0.0.1
  copy_loop_unroll(float *, float *, int) (64, 1, 1)x(256, 1, 1), Device 0, CC 8.0, Invocations 1
    Section: Command line profiler metrics
    ---------------------- ----------- ------- ------- -------
    Metric Name            Metric Unit Minimum Maximum Average
    ---------------------- ----------- ------- ------- -------
    dram__bytes_read.sum         Kbyte   69.50   69.50   69.50
    dram__bytes_write.sum         byte    0.00    0.00    0.00
    gpu__time_duration.sum          us    4.38    4.38    4.38
    ---------------------- ----------- ------- ------- -------

  Note: The shown averages are calculated as the arithmetic mean of the metric values after the evaluation of the    
  metrics for each individual kernel launch.                                                                         
  If aggregating across varying launch configurations (like shared memory, cache config settings), the arithmetic    
  mean can be misleading and looking at the individual results is recommended instead.                               


----------------------------------------
Testing with 2^16 = 65536 elements
----------------------------------------
----------------------------------------
Testing with block_dim = 256 threads per block
Testing with loop_unroll_times = 1
----------------------------------------
Kernel execution time: 0.06736 ms
Copy successful

Collecting DRAM metrics with ncu...

--- ncu Raw Measurement Results ---
==PROF== Connected to process 3658 (/workspace/cuda-learning/cuda-copy/copy)
==PROF== Profiling "copy_loop_unroll": 0%....50%....100% - 1 pass
Kernel execution time: 631.437 ms
Copy successful
==PROF== Disconnected from process 3658
[3658] copy@127.0.0.1
  copy_loop_unroll(float *, float *, int) (256, 1, 1)x(256, 1, 1), Device 0, CC 8.0, Invocations 1
    Section: Command line profiler metrics
    ---------------------- ----------- ------- ------- -------
    Metric Name            Metric Unit Minimum Maximum Average
    ---------------------- ----------- ------- ------- -------
    dram__bytes_read.sum         Kbyte  266.24  266.24  266.24
    dram__bytes_write.sum         byte    0.00    0.00    0.00
    gpu__time_duration.sum          us    4.64    4.64    4.64
    ---------------------- ----------- ------- ------- -------

  Note: The shown averages are calculated as the arithmetic mean of the metric values after the evaluation of the    
  metrics for each individual kernel launch.                                                                         
  If aggregating across varying launch configurations (like shared memory, cache config settings), the arithmetic    
  mean can be misleading and looking at the individual results is recommended instead.                               


----------------------------------------
Testing with 2^18 = 262144 elements
----------------------------------------
----------------------------------------
Testing with block_dim = 256 threads per block
Testing with loop_unroll_times = 1
----------------------------------------
Kernel execution time: 0.047392 ms
Copy successful

Collecting DRAM metrics with ncu...

--- ncu Raw Measurement Results ---
==PROF== Connected to process 3683 (/workspace/cuda-learning/cuda-copy/copy)
==PROF== Profiling "copy_loop_unroll": 0%....50%....100% - 1 pass
Kernel execution time: 642.911 ms
Copy successful
==PROF== Disconnected from process 3683
[3683] copy@127.0.0.1
  copy_loop_unroll(float *, float *, int) (1024, 1, 1)x(256, 1, 1), Device 0, CC 8.0, Invocations 1
    Section: Command line profiler metrics
    ---------------------- ----------- ------- ------- -------
    Metric Name            Metric Unit Minimum Maximum Average
    ---------------------- ----------- ------- ------- -------
    dram__bytes_read.sum         Mbyte    1.05    1.05    1.05
    dram__bytes_write.sum         byte    0.00    0.00    0.00
    gpu__time_duration.sum          us    6.37    6.37    6.37
    ---------------------- ----------- ------- ------- -------

  Note: The shown averages are calculated as the arithmetic mean of the metric values after the evaluation of the    
  metrics for each individual kernel launch.                                                                         
  If aggregating across varying launch configurations (like shared memory, cache config settings), the arithmetic    
  mean can be misleading and looking at the individual results is recommended instead.                               


----------------------------------------
Testing with 2^20 = 1048576 elements
----------------------------------------
----------------------------------------
Testing with block_dim = 256 threads per block
Testing with loop_unroll_times = 1
----------------------------------------
Kernel execution time: 0.05296 ms
Copy successful

Collecting DRAM metrics with ncu...

--- ncu Raw Measurement Results ---
==PROF== Connected to process 3708 (/workspace/cuda-learning/cuda-copy/copy)
==PROF== Profiling "copy_loop_unroll": 0%....50%....100% - 1 pass
Kernel execution time: 605.704 ms
Copy successful
==PROF== Disconnected from process 3708
[3708] copy@127.0.0.1
  copy_loop_unroll(float *, float *, int) (4096, 1, 1)x(256, 1, 1), Device 0, CC 8.0, Invocations 1
    Section: Command line profiler metrics
    ---------------------- ----------- ------- ------- -------
    Metric Name            Metric Unit Minimum Maximum Average
    ---------------------- ----------- ------- ------- -------
    dram__bytes_read.sum         Mbyte    4.20    4.20    4.20
    dram__bytes_write.sum         byte    0.00    0.00    0.00
    gpu__time_duration.sum          us   10.88   10.88   10.88
    ---------------------- ----------- ------- ------- -------

  Note: The shown averages are calculated as the arithmetic mean of the metric values after the evaluation of the    
  metrics for each individual kernel launch.                                                                         
  If aggregating across varying launch configurations (like shared memory, cache config settings), the arithmetic    
  mean can be misleading and looking at the individual results is recommended instead.                               


----------------------------------------
Testing with 2^22 = 4194304 elements
----------------------------------------
----------------------------------------
Testing with block_dim = 256 threads per block
Testing with loop_unroll_times = 1
----------------------------------------
Kernel execution time: 0.072 ms
Copy successful

Collecting DRAM metrics with ncu...

--- ncu Raw Measurement Results ---
==PROF== Connected to process 3733 (/workspace/cuda-learning/cuda-copy/copy)
==PROF== Profiling "copy_loop_unroll": 0%....50%....100% - 1 pass
Kernel execution time: 731.956 ms
Copy successful
==PROF== Disconnected from process 3733
[3733] copy@127.0.0.1
  copy_loop_unroll(float *, float *, int) (16384, 1, 1)x(256, 1, 1), Device 0, CC 8.0, Invocations 1
    Section: Command line profiler metrics
    ---------------------- ----------- ------- ------- -------
    Metric Name            Metric Unit Minimum Maximum Average
    ---------------------- ----------- ------- ------- -------
    dram__bytes_read.sum         Mbyte   16.78   16.78   16.78
    dram__bytes_write.sum        Mbyte    4.25    4.25    4.25
    gpu__time_duration.sum          us   30.40   30.40   30.40
    ---------------------- ----------- ------- ------- -------

  Note: The shown averages are calculated as the arithmetic mean of the metric values after the evaluation of the    
  metrics for each individual kernel launch.                                                                         
  If aggregating across varying launch configurations (like shared memory, cache config settings), the arithmetic    
  mean can be misleading and looking at the individual results is recommended instead.                               


----------------------------------------
Testing with 2^24 = 16777216 elements
----------------------------------------
----------------------------------------
Testing with block_dim = 256 threads per block
Testing with loop_unroll_times = 1
----------------------------------------
Kernel execution time: 0.133632 ms
Copy successful

Collecting DRAM metrics with ncu...

--- ncu Raw Measurement Results ---
==PROF== Connected to process 3758 (/workspace/cuda-learning/cuda-copy/copy)
==PROF== Profiling "copy_loop_unroll": 0%....50%....100% - 1 pass
Kernel execution time: 613.199 ms
Copy successful
==PROF== Disconnected from process 3758
[3758] copy@127.0.0.1
  copy_loop_unroll(float *, float *, int) (65536, 1, 1)x(256, 1, 1), Device 0, CC 8.0, Invocations 1
    Section: Command line profiler metrics
    ---------------------- ----------- ------- ------- -------
    Metric Name            Metric Unit Minimum Maximum Average
    ---------------------- ----------- ------- ------- -------
    dram__bytes_read.sum         Mbyte   67.12   67.12   67.12
    dram__bytes_write.sum        Mbyte   54.99   54.99   54.99
    gpu__time_duration.sum          us  113.09  113.09  113.09
    ---------------------- ----------- ------- ------- -------

  Note: The shown averages are calculated as the arithmetic mean of the metric values after the evaluation of the    
  metrics for each individual kernel launch.                                                                         
  If aggregating across varying launch configurations (like shared memory, cache config settings), the arithmetic    
  mean can be misleading and looking at the individual results is recommended instead.                               


----------------------------------------
Testing with 2^26 = 67108864 elements
----------------------------------------
----------------------------------------
Testing with block_dim = 256 threads per block
Testing with loop_unroll_times = 1
----------------------------------------
Kernel execution time: 0.409024 ms
Copy successful

Collecting DRAM metrics with ncu...

--- ncu Raw Measurement Results ---
==PROF== Connected to process 3783 (/workspace/cuda-learning/cuda-copy/copy)
==PROF== Profiling "copy_loop_unroll": 0%....50%....100% - 1 pass
Kernel execution time: 608.477 ms
Copy successful
==PROF== Disconnected from process 3783
[3783] copy@127.0.0.1
  copy_loop_unroll(float *, float *, int) (262144, 1, 1)x(256, 1, 1), Device 0, CC 8.0, Invocations 1
    Section: Command line profiler metrics
    ---------------------- ----------- ------- ------- -------
    Metric Name            Metric Unit Minimum Maximum Average
    ---------------------- ----------- ------- ------- -------
    dram__bytes_read.sum         Mbyte  268.44  268.44  268.44
    dram__bytes_write.sum        Mbyte  255.81  255.81  255.81
    gpu__time_duration.sum          us  442.05  442.05  442.05
    ---------------------- ----------- ------- ------- -------

  Note: The shown averages are calculated as the arithmetic mean of the metric values after the evaluation of the    
  metrics for each individual kernel launch.                                                                         
  If aggregating across varying launch configurations (like shared memory, cache config settings), the arithmetic    
  mean can be misleading and looking at the individual results is recommended instead.                               


----------------------------------------
Testing with 2^28 = 268435456 elements
----------------------------------------
----------------------------------------
Testing with block_dim = 256 threads per block
Testing with loop_unroll_times = 1
----------------------------------------
Kernel execution time: 1.50006 ms
Copy successful

Collecting DRAM metrics with ncu...

--- ncu Raw Measurement Results ---
==PROF== Connected to process 3808 (/workspace/cuda-learning/cuda-copy/copy)
==PROF== Profiling "copy_loop_unroll": 0%....50%....100% - 1 pass
Kernel execution time: 661.533 ms
Copy successful
==PROF== Disconnected from process 3808
[3808] copy@127.0.0.1
  copy_loop_unroll(float *, float *, int) (1048576, 1, 1)x(256, 1, 1), Device 0, CC 8.0, Invocations 1
    Section: Command line profiler metrics
    ---------------------- ----------- ------- ------- -------
    Metric Name            Metric Unit Minimum Maximum Average
    ---------------------- ----------- ------- ------- -------
    dram__bytes_read.sum         Gbyte    1.07    1.07    1.07
    dram__bytes_write.sum        Gbyte    1.06    1.06    1.06
    gpu__time_duration.sum          ms    1.76    1.76    1.76
    ---------------------- ----------- ------- ------- -------

  Note: The shown averages are calculated as the arithmetic mean of the metric values after the evaluation of the    
  metrics for each individual kernel launch.                                                                         
  If aggregating across varying launch configurations (like shared memory, cache config settings), the arithmetic    
  mean can be misleading and looking at the individual results is recommended instead.                               


----------------------------------------
Testing with 2^30 = 1073741824 elements
----------------------------------------
----------------------------------------
Testing with block_dim = 256 threads per block
Testing with loop_unroll_times = 1
----------------------------------------
Kernel execution time: 6.01181 ms
Copy successful

Collecting DRAM metrics with ncu...

--- ncu Raw Measurement Results ---
==PROF== Connected to process 3833 (/workspace/cuda-learning/cuda-copy/copy)
==PROF== Profiling "copy_loop_unroll": 0%....50%....100% - 1 pass
Kernel execution time: 644.406 ms
Copy successful
==PROF== Disconnected from process 3833
[3833] copy@127.0.0.1
  copy_loop_unroll(float *, float *, int) (4194304, 1, 1)x(256, 1, 1), Device 0, CC 8.0, Invocations 1
    Section: Command line profiler metrics
    ---------------------- ----------- ------- ------- -------
    Metric Name            Metric Unit Minimum Maximum Average
    ---------------------- ----------- ------- ------- -------
    dram__bytes_read.sum         Gbyte    4.30    4.30    4.30
    dram__bytes_write.sum        Gbyte    4.28    4.28    4.28
    gpu__time_duration.sum          ms    7.07    7.07    7.07
    ---------------------- ----------- ------- ------- -------

  Note: The shown averages are calculated as the arithmetic mean of the metric values after the evaluation of the    
  metrics for each individual kernel launch.                                                                         
  If aggregating across varying launch configurations (like shared memory, cache config settings), the arithmetic    
  mean can be misleading and looking at the individual results is recommended instead.                               


----------------------------------------
Testing with 2^10 = 1024 elements
----------------------------------------
----------------------------------------
Testing with block_dim = 256 threads per block
Testing with loop_unroll_times = 2
----------------------------------------
Kernel execution time: 0.074752 ms
Copy successful

Collecting DRAM metrics with ncu...

--- ncu Raw Measurement Results ---
==PROF== Connected to process 3858 (/workspace/cuda-learning/cuda-copy/copy)
==PROF== Profiling "copy_loop_unroll": 0%....50%....100% - 1 pass
Kernel execution time: 623.279 ms
Copy successful
==PROF== Disconnected from process 3858
[3858] copy@127.0.0.1
  copy_loop_unroll(float *, float *, int) (2, 1, 1)x(256, 1, 1), Device 0, CC 8.0, Invocations 1
    Section: Command line profiler metrics
    ---------------------- ----------- ------- ------- -------
    Metric Name            Metric Unit Minimum Maximum Average
    ---------------------- ----------- ------- ------- -------
    dram__bytes_read.sum         Kbyte    8.06    8.06    8.06
    dram__bytes_write.sum         byte    0.00    0.00    0.00
    gpu__time_duration.sum          us    5.60    5.60    5.60
    ---------------------- ----------- ------- ------- -------

  Note: The shown averages are calculated as the arithmetic mean of the metric values after the evaluation of the    
  metrics for each individual kernel launch.                                                                         
  If aggregating across varying launch configurations (like shared memory, cache config settings), the arithmetic    
  mean can be misleading and looking at the individual results is recommended instead.                               


----------------------------------------
Testing with 2^12 = 4096 elements
----------------------------------------
----------------------------------------
Testing with block_dim = 256 threads per block
Testing with loop_unroll_times = 2
----------------------------------------
Kernel execution time: 0.078848 ms
Copy successful

Collecting DRAM metrics with ncu...

--- ncu Raw Measurement Results ---
==PROF== Connected to process 3883 (/workspace/cuda-learning/cuda-copy/copy)
==PROF== Profiling "copy_loop_unroll": 0%....50%....100% - 1 pass
Kernel execution time: 589.149 ms
Copy successful
==PROF== Disconnected from process 3883
[3883] copy@127.0.0.1
  copy_loop_unroll(float *, float *, int) (8, 1, 1)x(256, 1, 1), Device 0, CC 8.0, Invocations 1
    Section: Command line profiler metrics
    ---------------------- ----------- ------- ------- -------
    Metric Name            Metric Unit Minimum Maximum Average
    ---------------------- ----------- ------- ------- -------
    dram__bytes_read.sum         Kbyte   20.48   20.48   20.48
    dram__bytes_write.sum         byte    0.00    0.00    0.00
    gpu__time_duration.sum          us    4.74    4.74    4.74
    ---------------------- ----------- ------- ------- -------

  Note: The shown averages are calculated as the arithmetic mean of the metric values after the evaluation of the    
  metrics for each individual kernel launch.                                                                         
  If aggregating across varying launch configurations (like shared memory, cache config settings), the arithmetic    
  mean can be misleading and looking at the individual results is recommended instead.                               


----------------------------------------
Testing with 2^14 = 16384 elements
----------------------------------------
----------------------------------------
Testing with block_dim = 256 threads per block
Testing with loop_unroll_times = 2
----------------------------------------
Kernel execution time: 0.073728 ms
Copy successful

Collecting DRAM metrics with ncu...

--- ncu Raw Measurement Results ---
==PROF== Connected to process 3908 (/workspace/cuda-learning/cuda-copy/copy)
==PROF== Profiling "copy_loop_unroll": 0%....50%....100% - 1 pass
Kernel execution time: 615.194 ms
Copy successful
==PROF== Disconnected from process 3908
[3908] copy@127.0.0.1
  copy_loop_unroll(float *, float *, int) (32, 1, 1)x(256, 1, 1), Device 0, CC 8.0, Invocations 1
    Section: Command line profiler metrics
    ---------------------- ----------- ------- ------- -------
    Metric Name            Metric Unit Minimum Maximum Average
    ---------------------- ----------- ------- ------- -------
    dram__bytes_read.sum         Kbyte   69.50   69.50   69.50
    dram__bytes_write.sum         byte    0.00    0.00    0.00
    gpu__time_duration.sum          us    5.12    5.12    5.12
    ---------------------- ----------- ------- ------- -------

  Note: The shown averages are calculated as the arithmetic mean of the metric values after the evaluation of the    
  metrics for each individual kernel launch.                                                                         
  If aggregating across varying launch configurations (like shared memory, cache config settings), the arithmetic    
  mean can be misleading and looking at the individual results is recommended instead.                               


----------------------------------------
Testing with 2^16 = 65536 elements
----------------------------------------
----------------------------------------
Testing with block_dim = 256 threads per block
Testing with loop_unroll_times = 2
----------------------------------------
Kernel execution time: 0.070528 ms
Copy successful

Collecting DRAM metrics with ncu...

--- ncu Raw Measurement Results ---
==PROF== Connected to process 3933 (/workspace/cuda-learning/cuda-copy/copy)
==PROF== Profiling "copy_loop_unroll": 0%....50%....100% - 1 pass
Kernel execution time: 651.182 ms
Copy successful
==PROF== Disconnected from process 3933
[3933] copy@127.0.0.1
  copy_loop_unroll(float *, float *, int) (128, 1, 1)x(256, 1, 1), Device 0, CC 8.0, Invocations 1
    Section: Command line profiler metrics
    ---------------------- ----------- ------- ------- -------
    Metric Name            Metric Unit Minimum Maximum Average
    ---------------------- ----------- ------- ------- -------
    dram__bytes_read.sum         Kbyte  266.11  266.11  266.11
    dram__bytes_write.sum         byte    0.00    0.00    0.00
    gpu__time_duration.sum          us    5.06    5.06    5.06
    ---------------------- ----------- ------- ------- -------

  Note: The shown averages are calculated as the arithmetic mean of the metric values after the evaluation of the    
  metrics for each individual kernel launch.                                                                         
  If aggregating across varying launch configurations (like shared memory, cache config settings), the arithmetic    
  mean can be misleading and looking at the individual results is recommended instead.                               


----------------------------------------
Testing with 2^18 = 262144 elements
----------------------------------------
----------------------------------------
Testing with block_dim = 256 threads per block
Testing with loop_unroll_times = 2
----------------------------------------
Kernel execution time: 0.040576 ms
Copy successful

Collecting DRAM metrics with ncu...

--- ncu Raw Measurement Results ---
==PROF== Connected to process 3958 (/workspace/cuda-learning/cuda-copy/copy)
==PROF== Profiling "copy_loop_unroll": 0%....50%....100% - 1 pass
Kernel execution time: 626.824 ms
Copy successful
==PROF== Disconnected from process 3958
[3958] copy@127.0.0.1
  copy_loop_unroll(float *, float *, int) (512, 1, 1)x(256, 1, 1), Device 0, CC 8.0, Invocations 1
    Section: Command line profiler metrics
    ---------------------- ----------- ------- ------- -------
    Metric Name            Metric Unit Minimum Maximum Average
    ---------------------- ----------- ------- ------- -------
    dram__bytes_read.sum         Mbyte    1.05    1.05    1.05
    dram__bytes_write.sum         byte    0.00    0.00    0.00
    gpu__time_duration.sum          us    5.95    5.95    5.95
    ---------------------- ----------- ------- ------- -------

  Note: The shown averages are calculated as the arithmetic mean of the metric values after the evaluation of the    
  metrics for each individual kernel launch.                                                                         
  If aggregating across varying launch configurations (like shared memory, cache config settings), the arithmetic    
  mean can be misleading and looking at the individual results is recommended instead.                               


----------------------------------------
Testing with 2^20 = 1048576 elements
----------------------------------------
----------------------------------------
Testing with block_dim = 256 threads per block
Testing with loop_unroll_times = 2
----------------------------------------
Kernel execution time: 0.052768 ms
Copy successful

Collecting DRAM metrics with ncu...

--- ncu Raw Measurement Results ---
==PROF== Connected to process 3983 (/workspace/cuda-learning/cuda-copy/copy)
==PROF== Profiling "copy_loop_unroll": 0%....50%....100% - 1 pass
Kernel execution time: 610.228 ms
Copy successful
==PROF== Disconnected from process 3983
[3983] copy@127.0.0.1
  copy_loop_unroll(float *, float *, int) (2048, 1, 1)x(256, 1, 1), Device 0, CC 8.0, Invocations 1
    Section: Command line profiler metrics
    ---------------------- ----------- ------- ------- -------
    Metric Name            Metric Unit Minimum Maximum Average
    ---------------------- ----------- ------- ------- -------
    dram__bytes_read.sum         Mbyte    4.20    4.20    4.20
    dram__bytes_write.sum         byte    0.00    0.00    0.00
    gpu__time_duration.sum          us   10.27   10.27   10.27
    ---------------------- ----------- ------- ------- -------

  Note: The shown averages are calculated as the arithmetic mean of the metric values after the evaluation of the    
  metrics for each individual kernel launch.                                                                         
  If aggregating across varying launch configurations (like shared memory, cache config settings), the arithmetic    
  mean can be misleading and looking at the individual results is recommended instead.                               


----------------------------------------
Testing with 2^22 = 4194304 elements
----------------------------------------
----------------------------------------
Testing with block_dim = 256 threads per block
Testing with loop_unroll_times = 2
----------------------------------------
Kernel execution time: 0.061152 ms
Copy successful

Collecting DRAM metrics with ncu...

--- ncu Raw Measurement Results ---
==PROF== Connected to process 4008 (/workspace/cuda-learning/cuda-copy/copy)
==PROF== Profiling "copy_loop_unroll": 0%....50%....100% - 1 pass
Kernel execution time: 674.61 ms
Copy successful
==PROF== Disconnected from process 4008
[4008] copy@127.0.0.1
  copy_loop_unroll(float *, float *, int) (8192, 1, 1)x(256, 1, 1), Device 0, CC 8.0, Invocations 1
    Section: Command line profiler metrics
    ---------------------- ----------- ------- ------- -------
    Metric Name            Metric Unit Minimum Maximum Average
    ---------------------- ----------- ------- ------- -------
    dram__bytes_read.sum         Mbyte   16.78   16.78   16.78
    dram__bytes_write.sum        Mbyte    4.11    4.11    4.11
    gpu__time_duration.sum          us   26.21   26.21   26.21
    ---------------------- ----------- ------- ------- -------

  Note: The shown averages are calculated as the arithmetic mean of the metric values after the evaluation of the    
  metrics for each individual kernel launch.                                                                         
  If aggregating across varying launch configurations (like shared memory, cache config settings), the arithmetic    
  mean can be misleading and looking at the individual results is recommended instead.                               


----------------------------------------
Testing with 2^24 = 16777216 elements
----------------------------------------
----------------------------------------
Testing with block_dim = 256 threads per block
Testing with loop_unroll_times = 2
----------------------------------------
Kernel execution time: 0.12432 ms
Copy successful

Collecting DRAM metrics with ncu...

--- ncu Raw Measurement Results ---
==PROF== Connected to process 4033 (/workspace/cuda-learning/cuda-copy/copy)
==PROF== Profiling "copy_loop_unroll": 0%....50%....100% - 1 pass
Kernel execution time: 659.796 ms
Copy successful
==PROF== Disconnected from process 4033
[4033] copy@127.0.0.1
  copy_loop_unroll(float *, float *, int) (32768, 1, 1)x(256, 1, 1), Device 0, CC 8.0, Invocations 1
    Section: Command line profiler metrics
    ---------------------- ----------- ------- ------- -------
    Metric Name            Metric Unit Minimum Maximum Average
    ---------------------- ----------- ------- ------- -------
    dram__bytes_read.sum         Mbyte   67.11   67.11   67.11
    dram__bytes_write.sum        Mbyte   54.10   54.10   54.10
    gpu__time_duration.sum          us   95.30   95.30   95.30
    ---------------------- ----------- ------- ------- -------

  Note: The shown averages are calculated as the arithmetic mean of the metric values after the evaluation of the    
  metrics for each individual kernel launch.                                                                         
  If aggregating across varying launch configurations (like shared memory, cache config settings), the arithmetic    
  mean can be misleading and looking at the individual results is recommended instead.                               


----------------------------------------
Testing with 2^26 = 67108864 elements
----------------------------------------
----------------------------------------
Testing with block_dim = 256 threads per block
Testing with loop_unroll_times = 2
----------------------------------------
Kernel execution time: 0.37584 ms
Copy successful

Collecting DRAM metrics with ncu...

--- ncu Raw Measurement Results ---
==PROF== Connected to process 4058 (/workspace/cuda-learning/cuda-copy/copy)
==PROF== Profiling "copy_loop_unroll": 0%....50%....100% - 1 pass
Kernel execution time: 647.159 ms
Copy successful
==PROF== Disconnected from process 4058
[4058] copy@127.0.0.1
  copy_loop_unroll(float *, float *, int) (131072, 1, 1)x(256, 1, 1), Device 0, CC 8.0, Invocations 1
    Section: Command line profiler metrics
    ---------------------- ----------- ------- ------- -------
    Metric Name            Metric Unit Minimum Maximum Average
    ---------------------- ----------- ------- ------- -------
    dram__bytes_read.sum         Mbyte  268.44  268.44  268.44
    dram__bytes_write.sum        Mbyte  255.98  255.98  255.98
    gpu__time_duration.sum          us  375.04  375.04  375.04
    ---------------------- ----------- ------- ------- -------

  Note: The shown averages are calculated as the arithmetic mean of the metric values after the evaluation of the    
  metrics for each individual kernel launch.                                                                         
  If aggregating across varying launch configurations (like shared memory, cache config settings), the arithmetic    
  mean can be misleading and looking at the individual results is recommended instead.                               


----------------------------------------
Testing with 2^28 = 268435456 elements
----------------------------------------
----------------------------------------
Testing with block_dim = 256 threads per block
Testing with loop_unroll_times = 2
----------------------------------------
Kernel execution time: 1.41888 ms
Copy successful

Collecting DRAM metrics with ncu...

--- ncu Raw Measurement Results ---
==PROF== Connected to process 4083 (/workspace/cuda-learning/cuda-copy/copy)
==PROF== Profiling "copy_loop_unroll": 0%....50%....100% - 1 pass
Kernel execution time: 657.688 ms
Copy successful
==PROF== Disconnected from process 4083
[4083] copy@127.0.0.1
  copy_loop_unroll(float *, float *, int) (524288, 1, 1)x(256, 1, 1), Device 0, CC 8.0, Invocations 1
    Section: Command line profiler metrics
    ---------------------- ----------- ------- ------- -------
    Metric Name            Metric Unit Minimum Maximum Average
    ---------------------- ----------- ------- ------- -------
    dram__bytes_read.sum         Gbyte    1.07    1.07    1.07
    dram__bytes_write.sum        Gbyte    1.06    1.06    1.06
    gpu__time_duration.sum          ms    1.50    1.50    1.50
    ---------------------- ----------- ------- ------- -------

  Note: The shown averages are calculated as the arithmetic mean of the metric values after the evaluation of the    
  metrics for each individual kernel launch.                                                                         
  If aggregating across varying launch configurations (like shared memory, cache config settings), the arithmetic    
  mean can be misleading and looking at the individual results is recommended instead.                               


----------------------------------------
Testing with 2^30 = 1073741824 elements
----------------------------------------
----------------------------------------
Testing with block_dim = 256 threads per block
Testing with loop_unroll_times = 2
----------------------------------------
Kernel execution time: 5.81328 ms
Copy successful

Collecting DRAM metrics with ncu...

--- ncu Raw Measurement Results ---
==PROF== Connected to process 4108 (/workspace/cuda-learning/cuda-copy/copy)
==PROF== Profiling "copy_loop_unroll": 0%....50%....100% - 1 pass
Kernel execution time: 636.752 ms
Copy successful
==PROF== Disconnected from process 4108
[4108] copy@127.0.0.1
  copy_loop_unroll(float *, float *, int) (2097152, 1, 1)x(256, 1, 1), Device 0, CC 8.0, Invocations 1
    Section: Command line profiler metrics
    ---------------------- ----------- ------- ------- -------
    Metric Name            Metric Unit Minimum Maximum Average
    ---------------------- ----------- ------- ------- -------
    dram__bytes_read.sum         Gbyte    4.30    4.30    4.30
    dram__bytes_write.sum        Gbyte    4.28    4.28    4.28
    gpu__time_duration.sum          ms    6.04    6.04    6.04
    ---------------------- ----------- ------- ------- -------

  Note: The shown averages are calculated as the arithmetic mean of the metric values after the evaluation of the    
  metrics for each individual kernel launch.                                                                         
  If aggregating across varying launch configurations (like shared memory, cache config settings), the arithmetic    
  mean can be misleading and looking at the individual results is recommended instead.                               


----------------------------------------
Testing with 2^10 = 1024 elements
----------------------------------------
----------------------------------------
Testing with block_dim = 256 threads per block
Testing with loop_unroll_times = 4
----------------------------------------
Kernel execution time: 0.080896 ms
Copy successful

Collecting DRAM metrics with ncu...

--- ncu Raw Measurement Results ---
==PROF== Connected to process 4133 (/workspace/cuda-learning/cuda-copy/copy)
==PROF== Profiling "copy_loop_unroll": 0%....50%....100% - 1 pass
Kernel execution time: 639.313 ms
Copy successful
==PROF== Disconnected from process 4133
[4133] copy@127.0.0.1
  copy_loop_unroll(float *, float *, int) (1, 1, 1)x(256, 1, 1), Device 0, CC 8.0, Invocations 1
    Section: Command line profiler metrics
    ---------------------- ----------- ------- ------- -------
    Metric Name            Metric Unit Minimum Maximum Average
    ---------------------- ----------- ------- ------- -------
    dram__bytes_read.sum         Kbyte    8.19    8.19    8.19
    dram__bytes_write.sum         byte    0.00    0.00    0.00
    gpu__time_duration.sum          us    6.27    6.27    6.27
    ---------------------- ----------- ------- ------- -------

  Note: The shown averages are calculated as the arithmetic mean of the metric values after the evaluation of the    
  metrics for each individual kernel launch.                                                                         
  If aggregating across varying launch configurations (like shared memory, cache config settings), the arithmetic    
  mean can be misleading and looking at the individual results is recommended instead.                               


----------------------------------------
Testing with 2^12 = 4096 elements
----------------------------------------
----------------------------------------
Testing with block_dim = 256 threads per block
Testing with loop_unroll_times = 4
----------------------------------------
Kernel execution time: 0.073728 ms
Copy successful

Collecting DRAM metrics with ncu...

--- ncu Raw Measurement Results ---
==PROF== Connected to process 4158 (/workspace/cuda-learning/cuda-copy/copy)
==PROF== Profiling "copy_loop_unroll": 0%....50%....100% - 1 pass
Kernel execution time: 599.738 ms
Copy successful
==PROF== Disconnected from process 4158
[4158] copy@127.0.0.1
  copy_loop_unroll(float *, float *, int) (4, 1, 1)x(256, 1, 1), Device 0, CC 8.0, Invocations 1
    Section: Command line profiler metrics
    ---------------------- ----------- ------- ------- -------
    Metric Name            Metric Unit Minimum Maximum Average
    ---------------------- ----------- ------- ------- -------
    dram__bytes_read.sum         Kbyte   20.35   20.35   20.35
    dram__bytes_write.sum         byte    0.00    0.00    0.00
    gpu__time_duration.sum          us    5.82    5.82    5.82
    ---------------------- ----------- ------- ------- -------

  Note: The shown averages are calculated as the arithmetic mean of the metric values after the evaluation of the    
  metrics for each individual kernel launch.                                                                         
  If aggregating across varying launch configurations (like shared memory, cache config settings), the arithmetic    
  mean can be misleading and looking at the individual results is recommended instead.                               


----------------------------------------
Testing with 2^14 = 16384 elements
----------------------------------------
----------------------------------------
Testing with block_dim = 256 threads per block
Testing with loop_unroll_times = 4
----------------------------------------
Kernel execution time: 0.080896 ms
Copy successful

Collecting DRAM metrics with ncu...

--- ncu Raw Measurement Results ---
==PROF== Connected to process 4183 (/workspace/cuda-learning/cuda-copy/copy)
==PROF== Profiling "copy_loop_unroll": 0%....50%....100% - 1 pass
Kernel execution time: 587.661 ms
Copy successful
==PROF== Disconnected from process 4183
[4183] copy@127.0.0.1
  copy_loop_unroll(float *, float *, int) (16, 1, 1)x(256, 1, 1), Device 0, CC 8.0, Invocations 1
    Section: Command line profiler metrics
    ---------------------- ----------- ------- ------- -------
    Metric Name            Metric Unit Minimum Maximum Average
    ---------------------- ----------- ------- ------- -------
    dram__bytes_read.sum         Kbyte   69.50   69.50   69.50
    dram__bytes_write.sum         byte    0.00    0.00    0.00
    gpu__time_duration.sum          us    6.21    6.21    6.21
    ---------------------- ----------- ------- ------- -------

  Note: The shown averages are calculated as the arithmetic mean of the metric values after the evaluation of the    
  metrics for each individual kernel launch.                                                                         
  If aggregating across varying launch configurations (like shared memory, cache config settings), the arithmetic    
  mean can be misleading and looking at the individual results is recommended instead.                               


----------------------------------------
Testing with 2^16 = 65536 elements
----------------------------------------
----------------------------------------
Testing with block_dim = 256 threads per block
Testing with loop_unroll_times = 4
----------------------------------------
Kernel execution time: 0.066336 ms
Copy successful

Collecting DRAM metrics with ncu...

--- ncu Raw Measurement Results ---
==PROF== Connected to process 4208 (/workspace/cuda-learning/cuda-copy/copy)
==PROF== Profiling "copy_loop_unroll": 0%....50%....100% - 1 pass
Kernel execution time: 611.222 ms
Copy successful
==PROF== Disconnected from process 4208
[4208] copy@127.0.0.1
  copy_loop_unroll(float *, float *, int) (64, 1, 1)x(256, 1, 1), Device 0, CC 8.0, Invocations 1
    Section: Command line profiler metrics
    ---------------------- ----------- ------- ------- -------
    Metric Name            Metric Unit Minimum Maximum Average
    ---------------------- ----------- ------- ------- -------
    dram__bytes_read.sum         Kbyte  266.24  266.24  266.24
    dram__bytes_write.sum         byte    0.00    0.00    0.00
    gpu__time_duration.sum          us    6.11    6.11    6.11
    ---------------------- ----------- ------- ------- -------

  Note: The shown averages are calculated as the arithmetic mean of the metric values after the evaluation of the    
  metrics for each individual kernel launch.                                                                         
  If aggregating across varying launch configurations (like shared memory, cache config settings), the arithmetic    
  mean can be misleading and looking at the individual results is recommended instead.                               


----------------------------------------
Testing with 2^18 = 262144 elements
----------------------------------------
----------------------------------------
Testing with block_dim = 256 threads per block
Testing with loop_unroll_times = 4
----------------------------------------
Kernel execution time: 0.0416 ms
Copy successful

Collecting DRAM metrics with ncu...

--- ncu Raw Measurement Results ---
==PROF== Connected to process 4233 (/workspace/cuda-learning/cuda-copy/copy)
==PROF== Profiling "copy_loop_unroll": 0%....50%....100% - 1 pass
Kernel execution time: 606.836 ms
Copy successful
==PROF== Disconnected from process 4233
[4233] copy@127.0.0.1
  copy_loop_unroll(float *, float *, int) (256, 1, 1)x(256, 1, 1), Device 0, CC 8.0, Invocations 1
    Section: Command line profiler metrics
    ---------------------- ----------- ------- ------- -------
    Metric Name            Metric Unit Minimum Maximum Average
    ---------------------- ----------- ------- ------- -------
    dram__bytes_read.sum         Mbyte    1.05    1.05    1.05
    dram__bytes_write.sum         byte    0.00    0.00    0.00
    gpu__time_duration.sum          us    6.78    6.78    6.78
    ---------------------- ----------- ------- ------- -------

  Note: The shown averages are calculated as the arithmetic mean of the metric values after the evaluation of the    
  metrics for each individual kernel launch.                                                                         
  If aggregating across varying launch configurations (like shared memory, cache config settings), the arithmetic    
  mean can be misleading and looking at the individual results is recommended instead.                               


----------------------------------------
Testing with 2^20 = 1048576 elements
----------------------------------------
----------------------------------------
Testing with block_dim = 256 threads per block
Testing with loop_unroll_times = 4
----------------------------------------
Kernel execution time: 0.054112 ms
Copy successful

Collecting DRAM metrics with ncu...

--- ncu Raw Measurement Results ---
==PROF== Connected to process 4258 (/workspace/cuda-learning/cuda-copy/copy)
==PROF== Profiling "copy_loop_unroll": 0%....50%....100% - 1 pass
Kernel execution time: 634.152 ms
Copy successful
==PROF== Disconnected from process 4258
[4258] copy@127.0.0.1
  copy_loop_unroll(float *, float *, int) (1024, 1, 1)x(256, 1, 1), Device 0, CC 8.0, Invocations 1
    Section: Command line profiler metrics
    ---------------------- ----------- ------- ------- -------
    Metric Name            Metric Unit Minimum Maximum Average
    ---------------------- ----------- ------- ------- -------
    dram__bytes_read.sum         Mbyte    4.20    4.20    4.20
    dram__bytes_write.sum         byte    0.00    0.00    0.00
    gpu__time_duration.sum          us   10.46   10.46   10.46
    ---------------------- ----------- ------- ------- -------

  Note: The shown averages are calculated as the arithmetic mean of the metric values after the evaluation of the    
  metrics for each individual kernel launch.                                                                         
  If aggregating across varying launch configurations (like shared memory, cache config settings), the arithmetic    
  mean can be misleading and looking at the individual results is recommended instead.                               


----------------------------------------
Testing with 2^22 = 4194304 elements
----------------------------------------
----------------------------------------
Testing with block_dim = 256 threads per block
Testing with loop_unroll_times = 4
----------------------------------------
Kernel execution time: 0.06336 ms
Copy successful

Collecting DRAM metrics with ncu...

--- ncu Raw Measurement Results ---
==PROF== Connected to process 4283 (/workspace/cuda-learning/cuda-copy/copy)
==PROF== Profiling "copy_loop_unroll": 0%....50%....100% - 1 pass
Kernel execution time: 636.229 ms
Copy successful
==PROF== Disconnected from process 4283
[4283] copy@127.0.0.1
  copy_loop_unroll(float *, float *, int) (4096, 1, 1)x(256, 1, 1), Device 0, CC 8.0, Invocations 1
    Section: Command line profiler metrics
    ---------------------- ----------- ------- ------- -------
    Metric Name            Metric Unit Minimum Maximum Average
    ---------------------- ----------- ------- ------- -------
    dram__bytes_read.sum         Mbyte   16.78   16.78   16.78
    dram__bytes_write.sum        Mbyte    4.25    4.25    4.25
    gpu__time_duration.sum          us   24.96   24.96   24.96
    ---------------------- ----------- ------- ------- -------

  Note: The shown averages are calculated as the arithmetic mean of the metric values after the evaluation of the    
  metrics for each individual kernel launch.                                                                         
  If aggregating across varying launch configurations (like shared memory, cache config settings), the arithmetic    
  mean can be misleading and looking at the individual results is recommended instead.                               


----------------------------------------
Testing with 2^24 = 16777216 elements
----------------------------------------
----------------------------------------
Testing with block_dim = 256 threads per block
Testing with loop_unroll_times = 4
----------------------------------------
Kernel execution time: 0.119136 ms
Copy successful

Collecting DRAM metrics with ncu...

--- ncu Raw Measurement Results ---
==PROF== Connected to process 4308 (/workspace/cuda-learning/cuda-copy/copy)
==PROF== Profiling "copy_loop_unroll": 0%....50%....100% - 1 pass
Kernel execution time: 643.6 ms
Copy successful
==PROF== Disconnected from process 4308
[4308] copy@127.0.0.1
  copy_loop_unroll(float *, float *, int) (16384, 1, 1)x(256, 1, 1), Device 0, CC 8.0, Invocations 1
    Section: Command line profiler metrics
    ---------------------- ----------- ------- ------- -------
    Metric Name            Metric Unit Minimum Maximum Average
    ---------------------- ----------- ------- ------- -------
    dram__bytes_read.sum         Mbyte   67.12   67.12   67.12
    dram__bytes_write.sum        Mbyte   53.49   53.49   53.49
    gpu__time_duration.sum          us   90.18   90.18   90.18
    ---------------------- ----------- ------- ------- -------

  Note: The shown averages are calculated as the arithmetic mean of the metric values after the evaluation of the    
  metrics for each individual kernel launch.                                                                         
  If aggregating across varying launch configurations (like shared memory, cache config settings), the arithmetic    
  mean can be misleading and looking at the individual results is recommended instead.                               


----------------------------------------
Testing with 2^26 = 67108864 elements
----------------------------------------
----------------------------------------
Testing with block_dim = 256 threads per block
Testing with loop_unroll_times = 4
----------------------------------------
Kernel execution time: 0.373216 ms
Copy successful

Collecting DRAM metrics with ncu...

--- ncu Raw Measurement Results ---
==PROF== Connected to process 4333 (/workspace/cuda-learning/cuda-copy/copy)
==PROF== Profiling "copy_loop_unroll": 0%....50%....100% - 1 pass
Kernel execution time: 613.042 ms
Copy successful
==PROF== Disconnected from process 4333
[4333] copy@127.0.0.1
  copy_loop_unroll(float *, float *, int) (65536, 1, 1)x(256, 1, 1), Device 0, CC 8.0, Invocations 1
    Section: Command line profiler metrics
    ---------------------- ----------- ------- ------- -------
    Metric Name            Metric Unit Minimum Maximum Average
    ---------------------- ----------- ------- ------- -------
    dram__bytes_read.sum         Mbyte  268.44  268.44  268.44
    dram__bytes_write.sum        Mbyte  255.63  255.63  255.63
    gpu__time_duration.sum          us  353.54  353.54  353.54
    ---------------------- ----------- ------- ------- -------

  Note: The shown averages are calculated as the arithmetic mean of the metric values after the evaluation of the    
  metrics for each individual kernel launch.                                                                         
  If aggregating across varying launch configurations (like shared memory, cache config settings), the arithmetic    
  mean can be misleading and looking at the individual results is recommended instead.                               


----------------------------------------
Testing with 2^28 = 268435456 elements
----------------------------------------
----------------------------------------
Testing with block_dim = 256 threads per block
Testing with loop_unroll_times = 4
----------------------------------------
Kernel execution time: 1.41725 ms
Copy successful

Collecting DRAM metrics with ncu...

--- ncu Raw Measurement Results ---
==PROF== Connected to process 4358 (/workspace/cuda-learning/cuda-copy/copy)
==PROF== Profiling "copy_loop_unroll": 0%....50%....100% - 1 pass
Kernel execution time: 632.753 ms
Copy successful
==PROF== Disconnected from process 4358
[4358] copy@127.0.0.1
  copy_loop_unroll(float *, float *, int) (262144, 1, 1)x(256, 1, 1), Device 0, CC 8.0, Invocations 1
    Section: Command line profiler metrics
    ---------------------- ----------- ------- ------- -------
    Metric Name            Metric Unit Minimum Maximum Average
    ---------------------- ----------- ------- ------- -------
    dram__bytes_read.sum         Gbyte    1.07    1.07    1.07
    dram__bytes_write.sum        Gbyte    1.06    1.06    1.06
    gpu__time_duration.sum          ms    1.44    1.44    1.44
    ---------------------- ----------- ------- ------- -------

  Note: The shown averages are calculated as the arithmetic mean of the metric values after the evaluation of the    
  metrics for each individual kernel launch.                                                                         
  If aggregating across varying launch configurations (like shared memory, cache config settings), the arithmetic    
  mean can be misleading and looking at the individual results is recommended instead.                               


----------------------------------------
Testing with 2^30 = 1073741824 elements
----------------------------------------
----------------------------------------
Testing with block_dim = 256 threads per block
Testing with loop_unroll_times = 4
----------------------------------------
Kernel execution time: 5.66522 ms
Copy successful

Collecting DRAM metrics with ncu...

--- ncu Raw Measurement Results ---
==PROF== Connected to process 4383 (/workspace/cuda-learning/cuda-copy/copy)
==PROF== Profiling "copy_loop_unroll": 0%....50%....100% - 1 pass
Kernel execution time: 634.102 ms
Copy successful
==PROF== Disconnected from process 4383
[4383] copy@127.0.0.1
  copy_loop_unroll(float *, float *, int) (1048576, 1, 1)x(256, 1, 1), Device 0, CC 8.0, Invocations 1
    Section: Command line profiler metrics
    ---------------------- ----------- ------- ------- -------
    Metric Name            Metric Unit Minimum Maximum Average
    ---------------------- ----------- ------- ------- -------
    dram__bytes_read.sum         Gbyte    4.30    4.30    4.30
    dram__bytes_write.sum        Gbyte    4.28    4.28    4.28
    gpu__time_duration.sum          ms    5.82    5.82    5.82
    ---------------------- ----------- ------- ------- -------

  Note: The shown averages are calculated as the arithmetic mean of the metric values after the evaluation of the    
  metrics for each individual kernel launch.                                                                         
  If aggregating across varying launch configurations (like shared memory, cache config settings), the arithmetic    
  mean can be misleading and looking at the individual results is recommended instead.                               


----------------------------------------
Testing with 2^10 = 1024 elements
----------------------------------------
----------------------------------------
Testing with block_dim = 256 threads per block
Testing with loop_unroll_times = 8
----------------------------------------
Kernel execution time: 0.077824 ms

Collecting DRAM metrics with ncu...
Warning: ncu profiling failed (exit code: 1)

ncu error output:
==PROF== Connected to process 4408 (/workspace/cuda-learning/cuda-copy/copy)
Kernel execution time: 0.606208 ms
CUDA Error in kernel launch: invalid configuration argument
==PROF== Disconnected from process 4408
==ERROR== The application returned an error code (1).

Common issues:
  1. Library version mismatch (GLIBC/GLIBCXX) - try running in the same environment where compiled
  2. Kernel name mismatch - verify kernel name is 'copy_loop_unroll'
  3. GPU not available

----------------------------------------
Testing with 2^12 = 4096 elements
----------------------------------------
----------------------------------------
Testing with block_dim = 256 threads per block
Testing with loop_unroll_times = 8
----------------------------------------
Kernel execution time: 0.073728 ms
Copy successful

Collecting DRAM metrics with ncu...

--- ncu Raw Measurement Results ---
==PROF== Connected to process 4436 (/workspace/cuda-learning/cuda-copy/copy)
==PROF== Profiling "copy_loop_unroll": 0%....50%....100% - 1 pass
Kernel execution time: 599.981 ms
Copy successful
==PROF== Disconnected from process 4436
[4436] copy@127.0.0.1
  copy_loop_unroll(float *, float *, int) (2, 1, 1)x(256, 1, 1), Device 0, CC 8.0, Invocations 1
    Section: Command line profiler metrics
    ---------------------- ----------- ------- ------- -------
    Metric Name            Metric Unit Minimum Maximum Average
    ---------------------- ----------- ------- ------- -------
    dram__bytes_read.sum         Kbyte   20.48   20.48   20.48
    dram__bytes_write.sum         byte    0.00    0.00    0.00
    gpu__time_duration.sum          us    8.38    8.38    8.38
    ---------------------- ----------- ------- ------- -------

  Note: The shown averages are calculated as the arithmetic mean of the metric values after the evaluation of the    
  metrics for each individual kernel launch.                                                                         
  If aggregating across varying launch configurations (like shared memory, cache config settings), the arithmetic    
  mean can be misleading and looking at the individual results is recommended instead.                               


----------------------------------------
Testing with 2^14 = 16384 elements
----------------------------------------
----------------------------------------
Testing with block_dim = 256 threads per block
Testing with loop_unroll_times = 8
----------------------------------------
Kernel execution time: 0.074752 ms
Copy successful

Collecting DRAM metrics with ncu...

--- ncu Raw Measurement Results ---
==PROF== Connected to process 4461 (/workspace/cuda-learning/cuda-copy/copy)
==PROF== Profiling "copy_loop_unroll": 0%....50%....100% - 1 pass
Kernel execution time: 615.497 ms
Copy successful
==PROF== Disconnected from process 4461
[4461] copy@127.0.0.1
  copy_loop_unroll(float *, float *, int) (8, 1, 1)x(256, 1, 1), Device 0, CC 8.0, Invocations 1
    Section: Command line profiler metrics
    ---------------------- ----------- ------- ------- -------
    Metric Name            Metric Unit Minimum Maximum Average
    ---------------------- ----------- ------- ------- -------
    dram__bytes_read.sum         Kbyte   69.50   69.50   69.50
    dram__bytes_write.sum         byte    0.00    0.00    0.00
    gpu__time_duration.sum          us    8.00    8.00    8.00
    ---------------------- ----------- ------- ------- -------

  Note: The shown averages are calculated as the arithmetic mean of the metric values after the evaluation of the    
  metrics for each individual kernel launch.                                                                         
  If aggregating across varying launch configurations (like shared memory, cache config settings), the arithmetic    
  mean can be misleading and looking at the individual results is recommended instead.                               


----------------------------------------
Testing with 2^16 = 65536 elements
----------------------------------------
----------------------------------------
Testing with block_dim = 256 threads per block
Testing with loop_unroll_times = 8
----------------------------------------
Kernel execution time: 0.060992 ms
Copy successful

Collecting DRAM metrics with ncu...

--- ncu Raw Measurement Results ---
==PROF== Connected to process 4486 (/workspace/cuda-learning/cuda-copy/copy)
==PROF== Profiling "copy_loop_unroll": 0%....50%....100% - 1 pass
Kernel execution time: 651.19 ms
Copy successful
==PROF== Disconnected from process 4486
[4486] copy@127.0.0.1
  copy_loop_unroll(float *, float *, int) (32, 1, 1)x(256, 1, 1), Device 0, CC 8.0, Invocations 1
    Section: Command line profiler metrics
    ---------------------- ----------- ------- ------- -------
    Metric Name            Metric Unit Minimum Maximum Average
    ---------------------- ----------- ------- ------- -------
    dram__bytes_read.sum         Kbyte  266.11  266.11  266.11
    dram__bytes_write.sum         byte    0.00    0.00    0.00
    gpu__time_duration.sum          us    8.32    8.32    8.32
    ---------------------- ----------- ------- ------- -------

  Note: The shown averages are calculated as the arithmetic mean of the metric values after the evaluation of the    
  metrics for each individual kernel launch.                                                                         
  If aggregating across varying launch configurations (like shared memory, cache config settings), the arithmetic    
  mean can be misleading and looking at the individual results is recommended instead.                               


----------------------------------------
Testing with 2^18 = 262144 elements
----------------------------------------
----------------------------------------
Testing with block_dim = 256 threads per block
Testing with loop_unroll_times = 8
----------------------------------------
Kernel execution time: 0.044096 ms
Copy successful

Collecting DRAM metrics with ncu...

--- ncu Raw Measurement Results ---
==PROF== Connected to process 4511 (/workspace/cuda-learning/cuda-copy/copy)
==PROF== Profiling "copy_loop_unroll": 0%....50%....100% - 1 pass
Kernel execution time: 610.922 ms
Copy successful
==PROF== Disconnected from process 4511
[4511] copy@127.0.0.1
  copy_loop_unroll(float *, float *, int) (128, 1, 1)x(256, 1, 1), Device 0, CC 8.0, Invocations 1
    Section: Command line profiler metrics
    ---------------------- ----------- ------- ------- -------
    Metric Name            Metric Unit Minimum Maximum Average
    ---------------------- ----------- ------- ------- -------
    dram__bytes_read.sum         Mbyte    1.05    1.05    1.05
    dram__bytes_write.sum         byte    0.00    0.00    0.00
    gpu__time_duration.sum          us    8.86    8.86    8.86
    ---------------------- ----------- ------- ------- -------

  Note: The shown averages are calculated as the arithmetic mean of the metric values after the evaluation of the    
  metrics for each individual kernel launch.                                                                         
  If aggregating across varying launch configurations (like shared memory, cache config settings), the arithmetic    
  mean can be misleading and looking at the individual results is recommended instead.                               


----------------------------------------
Testing with 2^20 = 1048576 elements
----------------------------------------
----------------------------------------
Testing with block_dim = 256 threads per block
Testing with loop_unroll_times = 8
----------------------------------------
Kernel execution time: 0.051136 ms
Copy successful

Collecting DRAM metrics with ncu...

--- ncu Raw Measurement Results ---
==PROF== Connected to process 4536 (/workspace/cuda-learning/cuda-copy/copy)
==PROF== Profiling "copy_loop_unroll": 0%....50%....100% - 1 pass
Kernel execution time: 650.26 ms
Copy successful
==PROF== Disconnected from process 4536
[4536] copy@127.0.0.1
  copy_loop_unroll(float *, float *, int) (512, 1, 1)x(256, 1, 1), Device 0, CC 8.0, Invocations 1
    Section: Command line profiler metrics
    ---------------------- ----------- ------- ------- -------
    Metric Name            Metric Unit Minimum Maximum Average
    ---------------------- ----------- ------- ------- -------
    dram__bytes_read.sum         Mbyte    4.20    4.20    4.20
    dram__bytes_write.sum         byte  128.00  128.00  128.00
    gpu__time_duration.sum          us   10.24   10.24   10.24
    ---------------------- ----------- ------- ------- -------

  Note: The shown averages are calculated as the arithmetic mean of the metric values after the evaluation of the    
  metrics for each individual kernel launch.                                                                         
  If aggregating across varying launch configurations (like shared memory, cache config settings), the arithmetic    
  mean can be misleading and looking at the individual results is recommended instead.                               


----------------------------------------
Testing with 2^22 = 4194304 elements
----------------------------------------
----------------------------------------
Testing with block_dim = 256 threads per block
Testing with loop_unroll_times = 8
----------------------------------------
Kernel execution time: 0.066784 ms
Copy successful

Collecting DRAM metrics with ncu...

--- ncu Raw Measurement Results ---
==PROF== Connected to process 4561 (/workspace/cuda-learning/cuda-copy/copy)
==PROF== Profiling "copy_loop_unroll": 0%....50%....100% - 1 pass
Kernel execution time: 635.732 ms
Copy successful
==PROF== Disconnected from process 4561
[4561] copy@127.0.0.1
  copy_loop_unroll(float *, float *, int) (2048, 1, 1)x(256, 1, 1), Device 0, CC 8.0, Invocations 1
    Section: Command line profiler metrics
    ---------------------- ----------- ------- ------- -------
    Metric Name            Metric Unit Minimum Maximum Average
    ---------------------- ----------- ------- ------- -------
    dram__bytes_read.sum         Mbyte   16.78   16.78   16.78
    dram__bytes_write.sum        Mbyte    4.22    4.22    4.22
    gpu__time_duration.sum          us   26.18   26.18   26.18
    ---------------------- ----------- ------- ------- -------

  Note: The shown averages are calculated as the arithmetic mean of the metric values after the evaluation of the    
  metrics for each individual kernel launch.                                                                         
  If aggregating across varying launch configurations (like shared memory, cache config settings), the arithmetic    
  mean can be misleading and looking at the individual results is recommended instead.                               


----------------------------------------
Testing with 2^24 = 16777216 elements
----------------------------------------
----------------------------------------
Testing with block_dim = 256 threads per block
Testing with loop_unroll_times = 8
----------------------------------------
Kernel execution time: 0.131264 ms
Copy successful

Collecting DRAM metrics with ncu...

--- ncu Raw Measurement Results ---
==PROF== Connected to process 4586 (/workspace/cuda-learning/cuda-copy/copy)
==PROF== Profiling "copy_loop_unroll": 0%....50%....100% - 1 pass
Kernel execution time: 667.898 ms
Copy successful
==PROF== Disconnected from process 4586
[4586] copy@127.0.0.1
  copy_loop_unroll(float *, float *, int) (8192, 1, 1)x(256, 1, 1), Device 0, CC 8.0, Invocations 1
    Section: Command line profiler metrics
    ---------------------- ----------- ------- ------- -------
    Metric Name            Metric Unit Minimum Maximum Average
    ---------------------- ----------- ------- ------- -------
    dram__bytes_read.sum         Mbyte   67.11   67.11   67.11
    dram__bytes_write.sum        Mbyte   53.13   53.13   53.13
    gpu__time_duration.sum          us   91.49   91.49   91.49
    ---------------------- ----------- ------- ------- -------

  Note: The shown averages are calculated as the arithmetic mean of the metric values after the evaluation of the    
  metrics for each individual kernel launch.                                                                         
  If aggregating across varying launch configurations (like shared memory, cache config settings), the arithmetic    
  mean can be misleading and looking at the individual results is recommended instead.                               


----------------------------------------
Testing with 2^26 = 67108864 elements
----------------------------------------
----------------------------------------
Testing with block_dim = 256 threads per block
Testing with loop_unroll_times = 8
----------------------------------------
Kernel execution time: 0.396192 ms
Copy successful

Collecting DRAM metrics with ncu...

--- ncu Raw Measurement Results ---
==PROF== Connected to process 4611 (/workspace/cuda-learning/cuda-copy/copy)
==PROF== Profiling "copy_loop_unroll": 0%....50%....100% - 1 pass
Kernel execution time: 641.911 ms
Copy successful
==PROF== Disconnected from process 4611
[4611] copy@127.0.0.1
  copy_loop_unroll(float *, float *, int) (32768, 1, 1)x(256, 1, 1), Device 0, CC 8.0, Invocations 1
    Section: Command line profiler metrics
    ---------------------- ----------- ------- ------- -------
    Metric Name            Metric Unit Minimum Maximum Average
    ---------------------- ----------- ------- ------- -------
    dram__bytes_read.sum         Mbyte  268.45  268.45  268.45
    dram__bytes_write.sum        Mbyte  255.50  255.50  255.50
    gpu__time_duration.sum          us  360.70  360.70  360.70
    ---------------------- ----------- ------- ------- -------

  Note: The shown averages are calculated as the arithmetic mean of the metric values after the evaluation of the    
  metrics for each individual kernel launch.                                                                         
  If aggregating across varying launch configurations (like shared memory, cache config settings), the arithmetic    
  mean can be misleading and looking at the individual results is recommended instead.                               


----------------------------------------
Testing with 2^28 = 268435456 elements
----------------------------------------
----------------------------------------
Testing with block_dim = 256 threads per block
Testing with loop_unroll_times = 8
----------------------------------------
Kernel execution time: 1.44394 ms
Copy successful

Collecting DRAM metrics with ncu...

--- ncu Raw Measurement Results ---
==PROF== Connected to process 4636 (/workspace/cuda-learning/cuda-copy/copy)
==PROF== Profiling "copy_loop_unroll": 0%....50%....100% - 1 pass
Kernel execution time: 623.619 ms
Copy successful
==PROF== Disconnected from process 4636
[4636] copy@127.0.0.1
  copy_loop_unroll(float *, float *, int) (131072, 1, 1)x(256, 1, 1), Device 0, CC 8.0, Invocations 1
    Section: Command line profiler metrics
    ---------------------- ----------- ------- ------- -------
    Metric Name            Metric Unit Minimum Maximum Average
    ---------------------- ----------- ------- ------- -------
    dram__bytes_read.sum         Gbyte    1.07    1.07    1.07
    dram__bytes_write.sum        Gbyte    1.06    1.06    1.06
    gpu__time_duration.sum          ms    1.46    1.46    1.46
    ---------------------- ----------- ------- ------- -------

  Note: The shown averages are calculated as the arithmetic mean of the metric values after the evaluation of the    
  metrics for each individual kernel launch.                                                                         
  If aggregating across varying launch configurations (like shared memory, cache config settings), the arithmetic    
  mean can be misleading and looking at the individual results is recommended instead.                               


----------------------------------------
Testing with 2^30 = 1073741824 elements
----------------------------------------
----------------------------------------
Testing with block_dim = 256 threads per block
Testing with loop_unroll_times = 8
----------------------------------------
Kernel execution time: 5.81818 ms
Copy successful

Collecting DRAM metrics with ncu...

--- ncu Raw Measurement Results ---
==PROF== Connected to process 4661 (/workspace/cuda-learning/cuda-copy/copy)
==PROF== Profiling "copy_loop_unroll": 0%....50%....100% - 1 pass
Kernel execution time: 656.124 ms
Copy successful
==PROF== Disconnected from process 4661
[4661] copy@127.0.0.1
  copy_loop_unroll(float *, float *, int) (524288, 1, 1)x(256, 1, 1), Device 0, CC 8.0, Invocations 1
    Section: Command line profiler metrics
    ---------------------- ----------- ------- ------- -------
    Metric Name            Metric Unit Minimum Maximum Average
    ---------------------- ----------- ------- ------- -------
    dram__bytes_read.sum         Gbyte    4.30    4.30    4.30
    dram__bytes_write.sum        Gbyte    4.28    4.28    4.28
    gpu__time_duration.sum          ms    5.99    5.99    5.99
    ---------------------- ----------- ------- ------- -------

  Note: The shown averages are calculated as the arithmetic mean of the metric values after the evaluation of the    
  metrics for each individual kernel launch.                                                                         
  If aggregating across varying launch configurations (like shared memory, cache config settings), the arithmetic    
  mean can be misleading and looking at the individual results is recommended instead.                               


==========================================
Testing completed
==========================================
