ncu is available, will collect DRAM metrics

==========================================
Running copy kernel with different sizes
==========================================

Using kernel: vectorize

----------------------------------------
Testing with 2^10 = 1024 elements
----------------------------------------
----------------------------------------
Testing with block_dim = 256 threads per block
----------------------------------------
Kernel execution time: 0.12288 ms
Copy successful

Collecting DRAM metrics with ncu...

--- ncu Raw Measurement Results ---
==PROF== Connected to process 5960 (/workspace/cuda-learning/cuda-copy/copy)
==PROF== Profiling "copy_vectorize": 0%....50%....100% - 1 pass
Kernel execution time: 670.003 ms
Copy successful
==PROF== Disconnected from process 5960
[5960] copy@127.0.0.1
  copy_vectorize(float *, float *, int) (1, 1, 1)x(256, 1, 1), Device 0, CC 8.0, Invocations 1
    Section: Command line profiler metrics
    ---------------------- ----------- ------- ------- -------
    Metric Name            Metric Unit Minimum Maximum Average
    ---------------------- ----------- ------- ------- -------
    dram__bytes_read.sum         Kbyte    7.04    7.04    7.04
    dram__bytes_write.sum         byte    0.00    0.00    0.00
    gpu__time_duration.sum          us    4.61    4.61    4.61
    ---------------------- ----------- ------- ------- -------

  Note: The shown averages are calculated as the arithmetic mean of the metric values after the evaluation of the    
  metrics for each individual kernel launch.                                                                         
  If aggregating across varying launch configurations (like shared memory, cache config settings), the arithmetic    
  mean can be misleading and looking at the individual results is recommended instead.                               


----------------------------------------
Testing with 2^12 = 4096 elements
----------------------------------------
----------------------------------------
Testing with block_dim = 256 threads per block
----------------------------------------
Kernel execution time: 0.11776 ms
Copy successful

Collecting DRAM metrics with ncu...

--- ncu Raw Measurement Results ---
==PROF== Connected to process 5985 (/workspace/cuda-learning/cuda-copy/copy)
==PROF== Profiling "copy_vectorize": 0%....50%....100% - 1 pass
Kernel execution time: 611.291 ms
Copy successful
==PROF== Disconnected from process 5985
[5985] copy@127.0.0.1
  copy_vectorize(float *, float *, int) (4, 1, 1)x(256, 1, 1), Device 0, CC 8.0, Invocations 1
    Section: Command line profiler metrics
    ---------------------- ----------- ------- ------- -------
    Metric Name            Metric Unit Minimum Maximum Average
    ---------------------- ----------- ------- ------- -------
    dram__bytes_read.sum         Kbyte   19.33   19.33   19.33
    dram__bytes_write.sum         byte    0.00    0.00    0.00
    gpu__time_duration.sum          us    4.19    4.19    4.19
    ---------------------- ----------- ------- ------- -------

  Note: The shown averages are calculated as the arithmetic mean of the metric values after the evaluation of the    
  metrics for each individual kernel launch.                                                                         
  If aggregating across varying launch configurations (like shared memory, cache config settings), the arithmetic    
  mean can be misleading and looking at the individual results is recommended instead.                               


----------------------------------------
Testing with 2^14 = 16384 elements
----------------------------------------
----------------------------------------
Testing with block_dim = 256 threads per block
----------------------------------------
Kernel execution time: 0.154624 ms
Copy successful

Collecting DRAM metrics with ncu...

--- ncu Raw Measurement Results ---
==PROF== Connected to process 6010 (/workspace/cuda-learning/cuda-copy/copy)
==PROF== Profiling "copy_vectorize": 0%....50%....100% - 1 pass
Kernel execution time: 639.077 ms
Copy successful
==PROF== Disconnected from process 6010
[6010] copy@127.0.0.1
  copy_vectorize(float *, float *, int) (16, 1, 1)x(256, 1, 1), Device 0, CC 8.0, Invocations 1
    Section: Command line profiler metrics
    ---------------------- ----------- ------- ------- -------
    Metric Name            Metric Unit Minimum Maximum Average
    ---------------------- ----------- ------- ------- -------
    dram__bytes_read.sum         Kbyte   68.48   68.48   68.48
    dram__bytes_write.sum         byte    0.00    0.00    0.00
    gpu__time_duration.sum          us    4.22    4.22    4.22
    ---------------------- ----------- ------- ------- -------

  Note: The shown averages are calculated as the arithmetic mean of the metric values after the evaluation of the    
  metrics for each individual kernel launch.                                                                         
  If aggregating across varying launch configurations (like shared memory, cache config settings), the arithmetic    
  mean can be misleading and looking at the individual results is recommended instead.                               


----------------------------------------
Testing with 2^16 = 65536 elements
----------------------------------------
----------------------------------------
Testing with block_dim = 256 threads per block
----------------------------------------
Kernel execution time: 0.105792 ms
Copy successful

Collecting DRAM metrics with ncu...

--- ncu Raw Measurement Results ---
==PROF== Connected to process 6035 (/workspace/cuda-learning/cuda-copy/copy)
==PROF== Profiling "copy_vectorize": 0%....50%....100% - 1 pass
Kernel execution time: 588.339 ms
Copy successful
==PROF== Disconnected from process 6035
[6035] copy@127.0.0.1
  copy_vectorize(float *, float *, int) (64, 1, 1)x(256, 1, 1), Device 0, CC 8.0, Invocations 1
    Section: Command line profiler metrics
    ---------------------- ----------- ------- ------- -------
    Metric Name            Metric Unit Minimum Maximum Average
    ---------------------- ----------- ------- ------- -------
    dram__bytes_read.sum         Kbyte  265.09  265.09  265.09
    dram__bytes_write.sum         byte    0.00    0.00    0.00
    gpu__time_duration.sum          us    4.38    4.38    4.38
    ---------------------- ----------- ------- ------- -------

  Note: The shown averages are calculated as the arithmetic mean of the metric values after the evaluation of the    
  metrics for each individual kernel launch.                                                                         
  If aggregating across varying launch configurations (like shared memory, cache config settings), the arithmetic    
  mean can be misleading and looking at the individual results is recommended instead.                               


----------------------------------------
Testing with 2^18 = 262144 elements
----------------------------------------
----------------------------------------
Testing with block_dim = 256 threads per block
----------------------------------------
Kernel execution time: 0.047296 ms
Copy successful

Collecting DRAM metrics with ncu...

--- ncu Raw Measurement Results ---
==PROF== Connected to process 6060 (/workspace/cuda-learning/cuda-copy/copy)
==PROF== Profiling "copy_vectorize": 0%....50%....100% - 1 pass
Kernel execution time: 634.818 ms
Copy successful
==PROF== Disconnected from process 6060
[6060] copy@127.0.0.1
  copy_vectorize(float *, float *, int) (256, 1, 1)x(256, 1, 1), Device 0, CC 8.0, Invocations 1
    Section: Command line profiler metrics
    ---------------------- ----------- ------- ------- -------
    Metric Name            Metric Unit Minimum Maximum Average
    ---------------------- ----------- ------- ------- -------
    dram__bytes_read.sum         Mbyte    1.05    1.05    1.05
    dram__bytes_write.sum         byte    0.00    0.00    0.00
    gpu__time_duration.sum          us    5.09    5.09    5.09
    ---------------------- ----------- ------- ------- -------

  Note: The shown averages are calculated as the arithmetic mean of the metric values after the evaluation of the    
  metrics for each individual kernel launch.                                                                         
  If aggregating across varying launch configurations (like shared memory, cache config settings), the arithmetic    
  mean can be misleading and looking at the individual results is recommended instead.                               


----------------------------------------
Testing with 2^20 = 1048576 elements
----------------------------------------
----------------------------------------
Testing with block_dim = 256 threads per block
----------------------------------------
Kernel execution time: 0.061088 ms
Copy successful

Collecting DRAM metrics with ncu...

--- ncu Raw Measurement Results ---
==PROF== Connected to process 6085 (/workspace/cuda-learning/cuda-copy/copy)
==PROF== Profiling "copy_vectorize": 0%....50%....100% - 1 pass
Kernel execution time: 644.246 ms
Copy successful
==PROF== Disconnected from process 6085
[6085] copy@127.0.0.1
  copy_vectorize(float *, float *, int) (1024, 1, 1)x(256, 1, 1), Device 0, CC 8.0, Invocations 1
    Section: Command line profiler metrics
    ---------------------- ----------- ------- ------- -------
    Metric Name            Metric Unit Minimum Maximum Average
    ---------------------- ----------- ------- ------- -------
    dram__bytes_read.sum         Mbyte    4.20    4.20    4.20
    dram__bytes_write.sum         byte  128.00  128.00  128.00
    gpu__time_duration.sum          us    8.58    8.58    8.58
    ---------------------- ----------- ------- ------- -------

  Note: The shown averages are calculated as the arithmetic mean of the metric values after the evaluation of the    
  metrics for each individual kernel launch.                                                                         
  If aggregating across varying launch configurations (like shared memory, cache config settings), the arithmetic    
  mean can be misleading and looking at the individual results is recommended instead.                               


----------------------------------------
Testing with 2^22 = 4194304 elements
----------------------------------------
----------------------------------------
Testing with block_dim = 256 threads per block
----------------------------------------
Kernel execution time: 0.068896 ms
Copy successful

Collecting DRAM metrics with ncu...

--- ncu Raw Measurement Results ---
==PROF== Connected to process 6110 (/workspace/cuda-learning/cuda-copy/copy)
==PROF== Profiling "copy_vectorize": 0%....50%....100% - 1 pass
Kernel execution time: 612.591 ms
Copy successful
==PROF== Disconnected from process 6110
[6110] copy@127.0.0.1
  copy_vectorize(float *, float *, int) (4096, 1, 1)x(256, 1, 1), Device 0, CC 8.0, Invocations 1
    Section: Command line profiler metrics
    ---------------------- ----------- ------- ------- -------
    Metric Name            Metric Unit Minimum Maximum Average
    ---------------------- ----------- ------- ------- -------
    dram__bytes_read.sum         Mbyte   16.78   16.78   16.78
    dram__bytes_write.sum        Mbyte    3.48    3.48    3.48
    gpu__time_duration.sum          us   18.98   18.98   18.98
    ---------------------- ----------- ------- ------- -------

  Note: The shown averages are calculated as the arithmetic mean of the metric values after the evaluation of the    
  metrics for each individual kernel launch.                                                                         
  If aggregating across varying launch configurations (like shared memory, cache config settings), the arithmetic    
  mean can be misleading and looking at the individual results is recommended instead.                               


----------------------------------------
Testing with 2^24 = 16777216 elements
----------------------------------------
----------------------------------------
Testing with block_dim = 256 threads per block
----------------------------------------
Kernel execution time: 0.128256 ms
Copy successful

Collecting DRAM metrics with ncu...

--- ncu Raw Measurement Results ---
==PROF== Connected to process 6135 (/workspace/cuda-learning/cuda-copy/copy)
==PROF== Profiling "copy_vectorize": 0%....50%....100% - 1 pass
Kernel execution time: 628.525 ms
Copy successful
==PROF== Disconnected from process 6135
[6135] copy@127.0.0.1
  copy_vectorize(float *, float *, int) (16384, 1, 1)x(256, 1, 1), Device 0, CC 8.0, Invocations 1
    Section: Command line profiler metrics
    ---------------------- ----------- ------- ------- -------
    Metric Name            Metric Unit Minimum Maximum Average
    ---------------------- ----------- ------- ------- -------
    dram__bytes_read.sum         Mbyte   67.11   67.11   67.11
    dram__bytes_write.sum        Mbyte   50.48   50.48   50.48
    gpu__time_duration.sum          us   72.93   72.93   72.93
    ---------------------- ----------- ------- ------- -------

  Note: The shown averages are calculated as the arithmetic mean of the metric values after the evaluation of the    
  metrics for each individual kernel launch.                                                                         
  If aggregating across varying launch configurations (like shared memory, cache config settings), the arithmetic    
  mean can be misleading and looking at the individual results is recommended instead.                               


----------------------------------------
Testing with 2^26 = 67108864 elements
----------------------------------------
----------------------------------------
Testing with block_dim = 256 threads per block
----------------------------------------
Kernel execution time: 0.364544 ms
Copy successful

Collecting DRAM metrics with ncu...

--- ncu Raw Measurement Results ---
==PROF== Connected to process 6160 (/workspace/cuda-learning/cuda-copy/copy)
==PROF== Profiling "copy_vectorize": 0%....50%....100% - 1 pass
Kernel execution time: 594.697 ms
Copy successful
==PROF== Disconnected from process 6160
[6160] copy@127.0.0.1
  copy_vectorize(float *, float *, int) (65536, 1, 1)x(256, 1, 1), Device 0, CC 8.0, Invocations 1
    Section: Command line profiler metrics
    ---------------------- ----------- ------- ------- -------
    Metric Name            Metric Unit Minimum Maximum Average
    ---------------------- ----------- ------- ------- -------
    dram__bytes_read.sum         Mbyte  268.44  268.44  268.44
    dram__bytes_write.sum        Mbyte  252.95  252.95  252.95
    gpu__time_duration.sum          us  307.62  307.62  307.62
    ---------------------- ----------- ------- ------- -------

  Note: The shown averages are calculated as the arithmetic mean of the metric values after the evaluation of the    
  metrics for each individual kernel launch.                                                                         
  If aggregating across varying launch configurations (like shared memory, cache config settings), the arithmetic    
  mean can be misleading and looking at the individual results is recommended instead.                               


----------------------------------------
Testing with 2^28 = 268435456 elements
----------------------------------------
----------------------------------------
Testing with block_dim = 256 threads per block
----------------------------------------
Kernel execution time: 1.3065 ms
Copy successful

Collecting DRAM metrics with ncu...

--- ncu Raw Measurement Results ---
==PROF== Connected to process 6185 (/workspace/cuda-learning/cuda-copy/copy)
==PROF== Profiling "copy_vectorize": 0%....50%....100% - 1 pass
Kernel execution time: 637.516 ms
Copy successful
==PROF== Disconnected from process 6185
[6185] copy@127.0.0.1
  copy_vectorize(float *, float *, int) (262144, 1, 1)x(256, 1, 1), Device 0, CC 8.0, Invocations 1
    Section: Command line profiler metrics
    ---------------------- ----------- ------- ------- -------
    Metric Name            Metric Unit Minimum Maximum Average
    ---------------------- ----------- ------- ------- -------
    dram__bytes_read.sum         Gbyte    1.07    1.07    1.07
    dram__bytes_write.sum        Gbyte    1.06    1.06    1.06
    gpu__time_duration.sum          ms    1.25    1.25    1.25
    ---------------------- ----------- ------- ------- -------

  Note: The shown averages are calculated as the arithmetic mean of the metric values after the evaluation of the    
  metrics for each individual kernel launch.                                                                         
  If aggregating across varying launch configurations (like shared memory, cache config settings), the arithmetic    
  mean can be misleading and looking at the individual results is recommended instead.                               


----------------------------------------
Testing with 2^30 = 1073741824 elements
----------------------------------------
----------------------------------------
Testing with block_dim = 256 threads per block
----------------------------------------
Kernel execution time: 5.22515 ms
Copy successful

Collecting DRAM metrics with ncu...

--- ncu Raw Measurement Results ---
==PROF== Connected to process 6210 (/workspace/cuda-learning/cuda-copy/copy)
==PROF== Profiling "copy_vectorize": 0%....50%....100% - 1 pass
Kernel execution time: 589.446 ms
Copy successful
==PROF== Disconnected from process 6210
[6210] copy@127.0.0.1
  copy_vectorize(float *, float *, int) (1048576, 1, 1)x(256, 1, 1), Device 0, CC 8.0, Invocations 1
    Section: Command line profiler metrics
    ---------------------- ----------- ------- ------- -------
    Metric Name            Metric Unit Minimum Maximum Average
    ---------------------- ----------- ------- ------- -------
    dram__bytes_read.sum         Gbyte    4.30    4.30    4.30
    dram__bytes_write.sum        Gbyte    4.28    4.28    4.28
    gpu__time_duration.sum          ms    5.05    5.05    5.05
    ---------------------- ----------- ------- ------- -------

  Note: The shown averages are calculated as the arithmetic mean of the metric values after the evaluation of the    
  metrics for each individual kernel launch.                                                                         
  If aggregating across varying launch configurations (like shared memory, cache config settings), the arithmetic    
  mean can be misleading and looking at the individual results is recommended instead.                               


==========================================
Testing completed
==========================================
